2024-11-07 12:32:26 - INFO - User input is What is the climate like in EU?, the best match question is what domain is eu, the best match answer is .eu is the country code top-level domain (ccTLD) for the European Union (EU).
2024-11-07 12:32:57 - INFO - User input is What is the climate like in EU?, the best match question is what domain is eu, the best match answer is .eu is the country code top-level domain (ccTLD) for the European Union (EU).
2024-11-07 12:42:23 - INFO - User input is how many eyes do you have?, the best match question is how many users do twitter have, the best match answer is The service rapidly gained worldwide popularity, with over 500 million registered users as of 2012, generating over 340 million tweets daily and handling over 1.6 billion search queries per day.
2024-11-07 12:43:19 - INFO - User input is how many eyes do you have?, the best match question is how many users do twitter have, the best match answer is The service rapidly gained worldwide popularity, with over 500 million registered users as of 2012, generating over 340 million tweets daily and handling over 1.6 billion search queries per day.
2024-11-07 12:43:19 - INFO - User input is do you have peanut butter and eggs on toast, the best match question is How Do You Play Spades, the best match answer is The object is to take at least the number of tricks that were bid before play of the hand began.
2024-11-07 12:43:51 - INFO - User input is how many eyes do you have?, the best match question is how many users do twitter have, the best match answer is The service rapidly gained worldwide popularity, with over 500 million registered users as of 2012, generating over 340 million tweets daily and handling over 1.6 billion search queries per day.
2024-11-07 12:43:51 - INFO - User input is do you have peanut butter and eggs on toast, the best match question is How Do You Play Spades, the best match answer is The object is to take at least the number of tricks that were bid before play of the hand began.
2024-11-07 12:43:51 - INFO - User input is what is your favorite color, the best match question is what color is burgundy, the best match answer is Burgundy is a dark red color associated with the Burgundy wine of the same name, which in turn is named after the Burgundy region of France .
2024-11-07 13:10:25 - INFO - User input is how many eyes do you have?, the best match question is how many users do twitter have, the best match answer is The service rapidly gained worldwide popularity, with over 500 million registered users as of 2012, generating over 340 million tweets daily and handling over 1.6 billion search queries per day.
2024-11-07 13:11:07 - INFO - User input is how are glacier caves formed?, the best match question is how are glacier caves formed?, the best match answer is A glacier cave is a cave formed within the ice of a glacier .
2024-11-07 13:11:37 - INFO - User input is how many vehicles on mars?, the best match question is how many vehicles are registered in the us, the best match answer is Overall, there were an estimated 254.4 million registered passenger vehicles in the United States according to a 2007 DOT study.
2024-11-07 13:12:04 - INFO - User input is how many eyes do you have?, the best match question is how many users do twitter have, the best match answer is The service rapidly gained worldwide popularity, with over 500 million registered users as of 2012, generating over 340 million tweets daily and handling over 1.6 billion search queries per day.
2024-11-07 13:12:07 - INFO - User input is haha, the best match question is HOW AFRICAN AMERICANS WERE IMMIGRATED TO THE US, the best match answer is As such, African immigrants are to be distinguished from African American people, the latter of whom are descendants of mostly West and Central Africans who were involuntarily brought to the United States by means of the historic Atlantic slave trade .
2024-11-07 13:12:21 - INFO - User input is what can you do?, the best match question is when can you use a defibulator, the best match answer is Defibrillation is a common treatment for life-threatening cardiac dysrhythmias , ventricular fibrillation , and pulseless ventricular tachycardia .
2024-11-07 13:40:19 - INFO - User input is how many eyes do you have?, the best match question is how many users do twitter have, the best match answer is The service rapidly gained worldwide popularity, with over 500 million registered users as of 2012, generating over 340 million tweets daily and handling over 1.6 billion search queries per day.
2024-11-07 13:40:30 - INFO - User input is what is a twitter?, the best match question is who is the founder of twitter, the best match answer is Twitter was created in March 2006 by Jack Dorsey and by July, the social networking site was launched.
2024-11-07 13:41:04 - INFO - User input is what is a gpt, the best match question is what is an "N.M?, the best match answer is A newton metre is a unit of torque (also called " moment ") in the SI system.
2024-11-07 13:43:13 - INFO - User input is how many eyes do you have?, the best match question is how many users do twitter have, the best match answer is The service rapidly gained worldwide popularity, with over 500 million registered users as of 2012, generating over 340 million tweets daily and handling over 1.6 billion search queries per day.
2024-11-07 13:46:53 - INFO - User input is how many eyes do you have?, the best match question is how many users do twitter have, the best match answer is The service rapidly gained worldwide popularity, with over 500 million registered users as of 2012, generating over 340 million tweets daily and handling over 1.6 billion search queries per day.
2024-11-07 13:50:01 - INFO - User input is What are stocks and bonds, the best match question is what are stocks and bonds, the best match answer is In finance , a bond is an instrument of indebtedness of the bond issuer to the holders.
2024-11-07 13:57:30 - INFO - User input is how many eyes do you have?, the best match question is how many users do twitter have, the best match answer is The service rapidly gained worldwide popularity, with over 500 million registered users as of 2012, generating over 340 million tweets daily and handling over 1.6 billion search queries per day.
2024-11-08 21:30:15 - INFO - User input is how many eyes do you have?, the best match question is how many users do twitter have, the best match answer is The service rapidly gained worldwide popularity, with over 500 million registered users as of 2012, generating over 340 million tweets daily and handling over 1.6 billion search queries per day.
2024-11-08 21:31:06 - INFO - User input is how many eyes do you have?, the best match question is how many users do twitter have, the best match answer is The service rapidly gained worldwide popularity, with over 500 million registered users as of 2012, generating over 340 million tweets daily and handling over 1.6 billion search queries per day.
2024-11-08 21:31:25 - INFO - User input is yes, the best match question is HOW AFRICAN AMERICANS WERE IMMIGRATED TO THE US, the best match answer is As such, African immigrants are to be distinguished from African American people, the latter of whom are descendants of mostly West and Central Africans who were involuntarily brought to the United States by means of the historic Atlantic slave trade .
2024-11-08 21:31:40 - INFO - User input is how many eyes do you have?, the best match question is how many users do twitter have, the best match answer is The service rapidly gained worldwide popularity, with over 500 million registered users as of 2012, generating over 340 million tweets daily and handling over 1.6 billion search queries per day.
2024-11-08 21:31:54 - INFO - User input is how many eyes do you have?, the best match question is how many users do twitter have, the best match answer is The service rapidly gained worldwide popularity, with over 500 million registered users as of 2012, generating over 340 million tweets daily and handling over 1.6 billion search queries per day.
2024-11-08 21:32:06 - INFO - User input is What is the capital of US, the best match question is what state is the capital in, the best match answer is Washington, D.C. has been the capital of the United States since 1800.
2024-11-08 21:32:26 - INFO - User input is what is a stock?, the best match question is what is an "N.M?, the best match answer is A newton metre is a unit of torque (also called " moment ") in the SI system.
2024-11-11 15:07:05 - INFO - User input is how many eyes do you have?, the best match question is how many users do twitter have, the best match answer is The service rapidly gained worldwide popularity, with over 500 million registered users as of 2012, generating over 340 million tweets daily and handling over 1.6 billion search queries per day.
2024-11-11 15:16:08 - INFO - User input is Can i ask you a question?, the best match question is when can you use a defibulator, the best match answer is Defibrillation is a common treatment for life-threatening cardiac dysrhythmias , ventricular fibrillation , and pulseless ventricular tachycardia .
2024-11-11 15:16:22 - INFO - User input is What are stocks and bonds, the best match question is what are stocks and bonds, the best match answer is In finance , a bond is an instrument of indebtedness of the bond issuer to the holders.
2024-11-11 15:18:53 - INFO - User input is What are stocks and bonds, the best match question is what are stocks and bonds, the best match answer is In finance , a bond is an instrument of indebtedness of the bond issuer to the holders.
2024-11-11 15:19:04 - INFO - User input is What are stocks and bonds, the best match question is what are stocks and bonds, the best match answer is In finance , a bond is an instrument of indebtedness of the bond issuer to the holders.
2024-11-12 17:03:19 - INFO - User input is what are the stocks and bounds means, the best match question is what are stocks and bonds, the best match answer is In finance , a bond is an instrument of indebtedness of the bond issuer to the holders.
2024-11-12 17:03:36 - INFO - User input is what are the stocks and bounds means?, the best match question is what are stocks and bonds, the best match answer is In finance , a bond is an instrument of indebtedness of the bond issuer to the holders.
2024-11-12 17:03:56 - INFO - User input is thanks, the best match question is HOW AFRICAN AMERICANS WERE IMMIGRATED TO THE US, the best match answer is As such, African immigrants are to be distinguished from African American people, the latter of whom are descendants of mostly West and Central Africans who were involuntarily brought to the United States by means of the historic Atlantic slave trade .
2024-11-12 17:06:19 - INFO - User input is what are the stocks and bonds?, the best match question is what are stocks and bonds, the best match answer is In finance , a bond is an instrument of indebtedness of the bond issuer to the holders.
2024-11-12 17:11:53 - INFO - User input is what are stocks and bounds means in English???, the best match question is what are stocks and bonds, the best match answer is In finance , a bond is an instrument of indebtedness of the bond issuer to the holders.
2024-11-12 22:18:36 - INFO - User input is what is bound?, the best match question is what is an "N.M?, the best match answer is A newton metre is a unit of torque (also called " moment ") in the SI system.
2024-11-15 15:54:27 - INFO - User input is What are stocks and bonds, the best match question is what are stocks and bonds, the best match answer is In finance , a bond is an instrument of indebtedness of the bond issuer to the holders.
2024-11-15 16:01:32 - INFO - User input is What are stocks and bonds, the best match question is what are stocks and bonds, the best match answer is In finance , a bond is an instrument of indebtedness of the bond issuer to the holders.
2024-11-15 16:02:26 - INFO - User input is what is capital of US, the best match question is what state is the capital in, the best match answer is Washington, D.C. has been the capital of the United States since 1800.
2024-11-30 19:51:30 - INFO - User input is What are stocks and pounds, the best match question is what are stocks and bonds, the best match answer is In finance , a bond is an instrument of indebtedness of the bond issuer to the holders.
2024-11-30 19:51:43 - INFO - User input is what are stocke and ponds, the best match question is what are a and r reps, the best match answer is Artists and repertoire (A&R) is the division of a record label or music publishing company that is responsible for talent scouting and overseeing the artistic development of recording artists and/or songwriters.
